#
# A fatal error has been detected by the Java Runtime Environment:
#
#  EXCEPTION_ACCESS_VIOLATION (0xc0000005) at pc=0x00007ff91b018fcc, pid=16948, tid=15660
#
# JRE version: OpenJDK Runtime Environment Corretto-11.0.18.10.1 (11.0.18+10) (build 11.0.18+10-LTS)
# Java VM: OpenJDK 64-Bit Server VM Corretto-11.0.18.10.1 (11.0.18+10-LTS, mixed mode, tiered, compressed oops, g1 gc, windows-amd64)
# Problematic frame:
# V  [jvm.dll+0x2b8fcc]
#
# No core dump will be written. Minidumps are not enabled by default on client versions of Windows
#
# If you would like to submit a bug report, please visit:
#   https://github.com/corretto/corretto-11/issues/
#

---------------  S U M M A R Y ------------

Command Line: -Dfile.encoding=UTF-8 -Duser.country=KR -Duser.language=ko -Duser.variant com.pickpick.PickPickApplication

Host: 11th Gen Intel(R) Core(TM) i5-11400 @ 2.60GHz, 12 cores, 15G,  Windows 10 , 64 bit Build 19041 (10.0.19041.2913)
Time: Tue May 23 11:02:43 2023  Windows 10 , 64 bit Build 19041 (10.0.19041.2913) elapsed time: 1.562569 seconds (0d 0h 0m 1s)

---------------  T H R E A D  ---------------

Current thread (0x00000184e7a11800):  JavaThread "C2 CompilerThread0" daemon [_thread_in_native, id=15660, stack(0x00000044b9f00000,0x00000044ba000000)]


Current CompileTask:
C2:   1562 3344       4       java.util.Properties::loadConvert (524 bytes)

Stack: [0x00000044b9f00000,0x00000044ba000000],  sp=0x00000044b9ffb730,  free space=1005k
Native frames: (J=compiled Java code, j=interpreted, Vv=VM code, C=native code)
V  [jvm.dll+0x2b8fcc]
V  [jvm.dll+0x7823b4]
V  [jvm.dll+0x787d88]
V  [jvm.dll+0x786bdf]
V  [jvm.dll+0x19b764]
V  [jvm.dll+0x64ebc2]
V  [jvm.dll+0x64d453]
V  [jvm.dll+0x20ad0c]
V  [jvm.dll+0x2082fb]
V  [jvm.dll+0x18a3c1]
V  [jvm.dll+0x217ac4]
V  [jvm.dll+0x215d0b]
V  [jvm.dll+0x772d90]
V  [jvm.dll+0x76bcc4]
V  [jvm.dll+0x621c05]
C  [ucrtbase.dll+0x21bb2]
C  [KERNEL32.DLL+0x17614]
C  [ntdll.dll+0x526a1]


siginfo: EXCEPTION_ACCESS_VIOLATION (0xc0000005), reading address 0xffffffffffffffff


Register to memory mapping:

RIP=0x00007ff91b018fcc jvm.dll
RAX=0x0 is NULL
RBX=0x00000184ec699650 points into unknown readable memory: 0x0000000200000001 | 01 00 00 00 02 00 00 00
RCX=0x00000184eb271808 points into unknown readable memory: 0x00007ff91b6856c8 | c8 56 68 1b f9 7f 00 00
RDX=0x20000184eb270540 is an unknown value
RSP=0x00000044b9ffb730 is pointing into the stack for thread: 0x00000184e7a11800
RBP=0x0 is NULL
RSI=0x00000184e7bb7920 points into unknown readable memory: 0x00000044b9ffea18 | 18 ea ff b9 44 00 00 00
RDI=0x0 is NULL
R8 =0x00000184eb271808 points into unknown readable memory: 0x00007ff91b6856c8 | c8 56 68 1b f9 7f 00 00
R9 =0x0 is NULL
R10=0x00000184e7a60760 points into unknown readable memory: 0x00007ff91b684cd8 | d8 4c 68 1b f9 7f 00 00
R11=0x000000007ffffffe is an unknown value
R12=0x00000000800077e7 is an unknown value
R13=0x0 is NULL
R14=0x00000184eb271808 points into unknown readable memory: 0x00007ff91b6856c8 | c8 56 68 1b f9 7f 00 00
R15=0x00000184eb271808 points into unknown readable memory: 0x00007ff91b6856c8 | c8 56 68 1b f9 7f 00 00


Registers:
RAX=0x0000000000000000, RBX=0x00000184ec699650, RCX=0x00000184eb271808, RDX=0x20000184eb270540
RSP=0x00000044b9ffb730, RBP=0x0000000000000000, RSI=0x00000184e7bb7920, RDI=0x0000000000000000
R8 =0x00000184eb271808, R9 =0x0000000000000000, R10=0x00000184e7a60760, R11=0x000000007ffffffe
R12=0x00000000800077e7, R13=0x0000000000000000, R14=0x00000184eb271808, R15=0x00000184eb271808
RIP=0x00007ff91b018fcc, EFLAGS=0x0000000000010202

Top of Stack: (sp=0x00000044b9ffb730)
0x00000044b9ffb730:   00000184eb271808 0000000000000000
0x00000044b9ffb740:   00000184e7bb7920 00007ff91b4e2d14
0x00000044b9ffb750:   0000000000000001 0000000000000005
0x00000044b9ffb760:   0000000000000005 0000000000000000
0x00000044b9ffb770:   0000000000000000 000000007fffffff
0x00000044b9ffb780:   00000184eb1b9d48 00007ff91b4e23b4
0x00000044b9ffb790:   00000184eb271808 0000000000000000
0x00000044b9ffb7a0:   00000184e7bb7920 0000000000000000
0x00000044b9ffb7b0:   00000184eb1b9d48 00007ff91b4e7d88
0x00000044b9ffb7c0:   0000000000000001 00000184eb1b8fb0
0x00000044b9ffb7d0:   00000184eb1b8fb0 00000184eb1b9d48
0x00000044b9ffb7e0:   0000000000000000 00007ff900000000
0x00000044b9ffb7f0:   0000000000000000 000001847fffffff
0x00000044b9ffb800:   00000184eb1b8fb0 0000000000000003
0x00000044b9ffb810:   00000184ed3380d0 00000184ed338948
0x00000044b9ffb820:   0000000000000000 00000044b9ffc590 

Instructions: (pc=0x00007ff91b018fcc)
0x00007ff91b018ecc:   08 4a 8b 4c c0 08 48 8b 04 d1 49 89 42 18 48 83
0x00007ff91b018edc:   c4 08 c3 48 89 1c 24 ff c0 41 89 42 08 41 3b 43
0x00007ff91b018eec:   10 73 5f 49 8b 4b 08 8b d0 48 03 d2 8b d8 44 8b
0x00007ff91b018efc:   0c d1 45 89 4a 0c 45 85 c9 74 dc 41 ff c9 44 8b
0x00007ff91b018f0c:   c3 45 89 4a 0c 4d 03 c0 49 8b 53 08 48 03 db 43
0x00007ff91b018f1c:   8d 0c 09 4a 8b 44 c2 08 42 8d 14 4d 01 00 00 00
0x00007ff91b018f2c:   48 8b 0c c8 49 89 4a 10 49 8b 43 08 48 8b 4c d8
0x00007ff91b018f3c:   08 48 8b 04 d1 49 89 42 18 48 8b 1c 24 48 83 c4
0x00007ff91b018f4c:   08 c3 33 c0 49 89 42 10 49 89 42 18 48 8b 1c 24
0x00007ff91b018f5c:   48 83 c4 08 c3 cc cc cc cc cc cc cc cc cc cc cc
0x00007ff91b018f6c:   cc cc cc cc 48 89 5c 24 08 48 89 6c 24 10 48 89
0x00007ff91b018f7c:   74 24 18 57 41 54 41 55 41 56 41 57 48 83 ec 30
0x00007ff91b018f8c:   48 8b f1 45 0f b6 e9 48 8b ca 4d 8b f8 4c 8b f2
0x00007ff91b018f9c:   ff 56 18 8b 4e 10 33 ff 44 8b e0 8d 59 ff 49 23
0x00007ff91b018fac:   dc 48 c1 e3 04 48 03 5e 08 39 3b 76 2b 0f 1f 80
0x00007ff91b018fbc:   00 00 00 00 48 8b 53 08 8d 04 3f 49 8b ce 8b e8
0x00007ff91b018fcc:   48 8b 14 c2 ff 56 20 85 c0 0f 84 84 00 00 00 ff
0x00007ff91b018fdc:   c7 3b 3b 72 df 8b 4e 10 ff 46 14 39 4e 14 76 18
0x00007ff91b018fec:   48 8b ce e8 2c 01 00 00 8b 5e 10 ff cb 49 23 dc
0x00007ff91b018ffc:   48 c1 e3 04 48 03 5e 08 8b 43 04 39 03 0f 85 a5
0x00007ff91b01900c:   00 00 00 48 8b 53 08 48 85 d2 75 77 c7 43 04 02
0x00007ff91b01901c:   00 00 00 48 8b 3e 48 8b 47 18 48 83 f8 df 76 18
0x00007ff91b01902c:   4c 8d 05 d5 09 5c 00 ba 20 00 00 00 48 8b cf e8
0x00007ff91b01903c:   f0 9e e0 ff 48 8b 47 18 48 8d 48 20 48 3b 4f 20
0x00007ff91b01904c:   76 3b 45 33 c0 48 8b cf 41 8d 50 20 e8 73 9b e0
0x00007ff91b01905c:   ff eb 51 48 8b 4b 08 8d 04 7d 01 00 00 00 48 8d
0x00007ff91b01906c:   14 c5 00 00 00 00 48 8b 04 0a 45 84 ed 74 5b 4c
0x00007ff91b01907c:   89 34 e9 48 8b 4b 08 4c 89 3c 0a eb 4d 48 89 4f
0x00007ff91b01908c:   18 eb 21 48 8b 0e 4c 8b c0 4c 8b c8 49 c1 e0 04
0x00007ff91b01909c:   49 c1 e1 05 c7 44 24 20 00 00 00 00 e8 13 96 e0
0x00007ff91b0190ac:   ff d1 63 04 48 89 43 08 8b 03 8d 0c 00 48 8b 43
0x00007ff91b0190bc:   08 4c 89 34 c8 8b 03 8d 0c 45 01 00 00 00 48 8b 


Stack slot to memory mapping:
stack at sp + 0 slots: 0x00000184eb271808 points into unknown readable memory: 0x00007ff91b6856c8 | c8 56 68 1b f9 7f 00 00
stack at sp + 1 slots: 0x0 is NULL
stack at sp + 2 slots: 0x00000184e7bb7920 points into unknown readable memory: 0x00000044b9ffea18 | 18 ea ff b9 44 00 00 00
stack at sp + 3 slots: 0x00007ff91b4e2d14 jvm.dll
stack at sp + 4 slots: 0x0000000000000001 is an unknown value
stack at sp + 5 slots: 0x0000000000000005 is an unknown value
stack at sp + 6 slots: 0x0000000000000005 is an unknown value
stack at sp + 7 slots: 0x0 is NULL


---------------  P R O C E S S  ---------------

Threads class SMR info:
_java_thread_list=0x00000184e8990130, length=12, elements={
0x00000184c3186000, 0x00000184e70ff000, 0x00000184e70f1800, 0x00000184e7a07800,
0x00000184e7a0e000, 0x00000184e7a0f000, 0x00000184e7a11800, 0x00000184e7a13000,
0x00000184e7a14800, 0x00000184e7ba9800, 0x00000184e7cd4800, 0x00000184e8992000
}

Java Threads: ( => current thread )
  0x00000184c3186000 JavaThread "main" [_thread_in_Java, id=6612, stack(0x00000044b9300000,0x00000044b9400000)]
  0x00000184e70ff000 JavaThread "Reference Handler" daemon [_thread_blocked, id=1312, stack(0x00000044b9a00000,0x00000044b9b00000)]
  0x00000184e70f1800 JavaThread "Finalizer" daemon [_thread_blocked, id=7648, stack(0x00000044b9b00000,0x00000044b9c00000)]
  0x00000184e7a07800 JavaThread "Signal Dispatcher" daemon [_thread_blocked, id=11092, stack(0x00000044b9c00000,0x00000044b9d00000)]
  0x00000184e7a0e000 JavaThread "Attach Listener" daemon [_thread_blocked, id=17420, stack(0x00000044b9d00000,0x00000044b9e00000)]
  0x00000184e7a0f000 JavaThread "Service Thread" daemon [_thread_blocked, id=12336, stack(0x00000044b9e00000,0x00000044b9f00000)]
=>0x00000184e7a11800 JavaThread "C2 CompilerThread0" daemon [_thread_in_native, id=15660, stack(0x00000044b9f00000,0x00000044ba000000)]
  0x00000184e7a13000 JavaThread "C1 CompilerThread0" daemon [_thread_blocked, id=14988, stack(0x00000044ba000000,0x00000044ba100000)]
  0x00000184e7a14800 JavaThread "Sweeper thread" daemon [_thread_blocked, id=14840, stack(0x00000044ba100000,0x00000044ba200000)]
  0x00000184e7ba9800 JavaThread "Common-Cleaner" daemon [_thread_blocked, id=6220, stack(0x00000044ba300000,0x00000044ba400000)]
  0x00000184e7cd4800 JavaThread "C2 CompilerThread1" daemon [_thread_blocked, id=9440, stack(0x00000044ba400000,0x00000044ba500000)]
  0x00000184e8992000 JavaThread "C2 CompilerThread2" daemon [_thread_in_native, id=15456, stack(0x00000044bad00000,0x00000044bae00000)]

Other Threads:
  0x00000184e70ec800 VMThread "VM Thread" [stack: 0x00000044b9900000,0x00000044b9a00000] [id=7880]
  0x00000184e7b9d800 WatcherThread [stack: 0x00000044ba200000,0x00000044ba300000] [id=2028]
  0x00000184c319c800 GCTaskThread "GC Thread#0" [stack: 0x00000044b9400000,0x00000044b9500000] [id=10164]
  0x00000184e8584000 GCTaskThread "GC Thread#1" [stack: 0x00000044ba500000,0x00000044ba600000] [id=15604]
  0x00000184e80b2000 GCTaskThread "GC Thread#2" [stack: 0x00000044ba600000,0x00000044ba700000] [id=12012]
  0x00000184e80b2800 GCTaskThread "GC Thread#3" [stack: 0x00000044ba700000,0x00000044ba800000] [id=8700]
  0x00000184e8569000 GCTaskThread "GC Thread#4" [stack: 0x00000044ba800000,0x00000044ba900000] [id=14040]
  0x00000184e8560800 GCTaskThread "GC Thread#5" [stack: 0x00000044ba900000,0x00000044baa00000] [id=6084]
  0x00000184c31fa800 ConcurrentGCThread "G1 Main Marker" [stack: 0x00000044b9500000,0x00000044b9600000] [id=18108]
  0x00000184c31fc000 ConcurrentGCThread "G1 Conc#0" [stack: 0x00000044b9600000,0x00000044b9700000] [id=1332]
  0x00000184e8c97800 ConcurrentGCThread "G1 Conc#1" [stack: 0x00000044bab00000,0x00000044bac00000] [id=9620]
  0x00000184e8c98000 ConcurrentGCThread "G1 Conc#2" [stack: 0x00000044bac00000,0x00000044bad00000] [id=16192]
  0x00000184e6fd4800 ConcurrentGCThread "G1 Refine#0" [stack: 0x00000044b9700000,0x00000044b9800000] [id=15716]
  0x00000184e6fd5000 ConcurrentGCThread "G1 Young RemSet Sampling" [stack: 0x00000044b9800000,0x00000044b9900000] [id=18064]

Threads with active compile tasks:
C2 CompilerThread0     1577 3344       4       java.util.Properties::loadConvert (524 bytes)
C2 CompilerThread2     1577 3377       4       java.lang.Class::getPackageName (81 bytes)

VM state:not at safepoint (normal execution)

VM Mutex/Monitor currently owned by a thread: None

Heap address: 0x0000000705400000, size: 4012 MB, Compressed Oops mode: Zero based, Oop shift amount: 3
Narrow klass base: 0x0000000800000000, Narrow klass shift: 0
Compressed class space size: 1073741824 Address: 0x0000000800000000

Heap:
 garbage-first heap   total 258048K, used 18816K [0x0000000705400000, 0x0000000800000000)
  region size 1024K, 15 young (15360K), 8 survivors (8192K)
 Metaspace       used 36452K, capacity 37395K, committed 37712K, reserved 1083392K
  class space    used 4312K, capacity 4678K, committed 4736K, reserved 1048576K
Heap Regions: E=young(eden), S=young(survivor), O=old, HS=humongous(starts), HC=humongous(continues), CS=collection set, F=free, A=archive, TAMS=top-at-mark-start (previous, next)
|   0|0x0000000705400000, 0x0000000705500000, 0x0000000705500000|100%| O|  |TAMS 0x0000000705500000, 0x0000000705400000| Untracked 
|   1|0x0000000705500000, 0x0000000705600000, 0x0000000705600000|100%| O|  |TAMS 0x0000000705600000, 0x0000000705500000| Untracked 
|   2|0x0000000705600000, 0x0000000705700000, 0x0000000705700000|100%| O|  |TAMS 0x0000000705700000, 0x0000000705600000| Untracked 
|   3|0x0000000705700000, 0x0000000705800000, 0x0000000705800000|100%| O|  |TAMS 0x0000000705800000, 0x0000000705700000| Untracked 
|   4|0x0000000705800000, 0x0000000705900000, 0x0000000705900000|100%| O|  |TAMS 0x0000000705900000, 0x0000000705800000| Untracked 
|   5|0x0000000705900000, 0x0000000705921400, 0x0000000705a00000| 12%| O|  |TAMS 0x0000000705921400, 0x0000000705900000| Untracked 
|   6|0x0000000705a00000, 0x0000000705a00000, 0x0000000705b00000|  0%| F|  |TAMS 0x0000000705a00000, 0x0000000705a00000| Untracked 
|   7|0x0000000705b00000, 0x0000000705b00000, 0x0000000705c00000|  0%| F|  |TAMS 0x0000000705b00000, 0x0000000705b00000| Untracked 
|   8|0x0000000705c00000, 0x0000000705c00000, 0x0000000705d00000|  0%| F|  |TAMS 0x0000000705c00000, 0x0000000705c00000| Untracked 
|   9|0x0000000705d00000, 0x0000000705d00000, 0x0000000705e00000|  0%| F|  |TAMS 0x0000000705d00000, 0x0000000705d00000| Untracked 
|  10|0x0000000705e00000, 0x0000000705e00000, 0x0000000705f00000|  0%| F|  |TAMS 0x0000000705e00000, 0x0000000705e00000| Untracked 
|  11|0x0000000705f00000, 0x0000000705f00000, 0x0000000706000000|  0%| F|  |TAMS 0x0000000705f00000, 0x0000000705f00000| Untracked 
|  12|0x0000000706000000, 0x0000000706000000, 0x0000000706100000|  0%| F|  |TAMS 0x0000000706000000, 0x0000000706000000| Untracked 
|  13|0x0000000706100000, 0x0000000706100000, 0x0000000706200000|  0%| F|  |TAMS 0x0000000706100000, 0x0000000706100000| Untracked 
|  14|0x0000000706200000, 0x0000000706200000, 0x0000000706300000|  0%| F|  |TAMS 0x0000000706200000, 0x0000000706200000| Untracked 
|  15|0x0000000706300000, 0x0000000706300000, 0x0000000706400000|  0%| F|  |TAMS 0x0000000706300000, 0x0000000706300000| Untracked 
|  16|0x0000000706400000, 0x0000000706400000, 0x0000000706500000|  0%| F|  |TAMS 0x0000000706400000, 0x0000000706400000| Untracked 
|  17|0x0000000706500000, 0x0000000706500000, 0x0000000706600000|  0%| F|  |TAMS 0x0000000706500000, 0x0000000706500000| Untracked 
|  18|0x0000000706600000, 0x0000000706600000, 0x0000000706700000|  0%| F|  |TAMS 0x0000000706600000, 0x0000000706600000| Untracked 
|  19|0x0000000706700000, 0x0000000706700000, 0x0000000706800000|  0%| F|  |TAMS 0x0000000706700000, 0x0000000706700000| Untracked 
|  20|0x0000000706800000, 0x0000000706800000, 0x0000000706900000|  0%| F|  |TAMS 0x0000000706800000, 0x0000000706800000| Untracked 
|  21|0x0000000706900000, 0x0000000706900000, 0x0000000706a00000|  0%| F|  |TAMS 0x0000000706900000, 0x0000000706900000| Untracked 
|  22|0x0000000706a00000, 0x0000000706a00000, 0x0000000706b00000|  0%| F|  |TAMS 0x0000000706a00000, 0x0000000706a00000| Untracked 
|  23|0x0000000706b00000, 0x0000000706b00000, 0x0000000706c00000|  0%| F|  |TAMS 0x0000000706b00000, 0x0000000706b00000| Untracked 
|  24|0x0000000706c00000, 0x0000000706c00000, 0x0000000706d00000|  0%| F|  |TAMS 0x0000000706c00000, 0x0000000706c00000| Untracked 
|  25|0x0000000706d00000, 0x0000000706d00000, 0x0000000706e00000|  0%| F|  |TAMS 0x0000000706d00000, 0x0000000706d00000| Untracked 
|  26|0x0000000706e00000, 0x0000000706e00000, 0x0000000706f00000|  0%| F|  |TAMS 0x0000000706e00000, 0x0000000706e00000| Untracked 
|  27|0x0000000706f00000, 0x0000000706f00000, 0x0000000707000000|  0%| F|  |TAMS 0x0000000706f00000, 0x0000000706f00000| Untracked 
|  28|0x0000000707000000, 0x0000000707000000, 0x0000000707100000|  0%| F|  |TAMS 0x0000000707000000, 0x0000000707000000| Untracked 
|  29|0x0000000707100000, 0x0000000707100000, 0x0000000707200000|  0%| F|  |TAMS 0x0000000707100000, 0x0000000707100000| Untracked 
|  30|0x0000000707200000, 0x0000000707200000, 0x0000000707300000|  0%| F|  |TAMS 0x0000000707200000, 0x0000000707200000| Untracked 
|  31|0x0000000707300000, 0x0000000707300000, 0x0000000707400000|  0%| F|  |TAMS 0x0000000707300000, 0x0000000707300000| Untracked 
|  32|0x0000000707400000, 0x0000000707400000, 0x0000000707500000|  0%| F|  |TAMS 0x0000000707400000, 0x0000000707400000| Untracked 
|  33|0x0000000707500000, 0x0000000707500000, 0x0000000707600000|  0%| F|  |TAMS 0x0000000707500000, 0x0000000707500000| Untracked 
|  34|0x0000000707600000, 0x0000000707600000, 0x0000000707700000|  0%| F|  |TAMS 0x0000000707600000, 0x0000000707600000| Untracked 
|  35|0x0000000707700000, 0x0000000707700000, 0x0000000707800000|  0%| F|  |TAMS 0x0000000707700000, 0x0000000707700000| Untracked 
|  36|0x0000000707800000, 0x0000000707800000, 0x0000000707900000|  0%| F|  |TAMS 0x0000000707800000, 0x0000000707800000| Untracked 
|  37|0x0000000707900000, 0x0000000707900000, 0x0000000707a00000|  0%| F|  |TAMS 0x0000000707900000, 0x0000000707900000| Untracked 
|  38|0x0000000707a00000, 0x0000000707a00000, 0x0000000707b00000|  0%| F|  |TAMS 0x0000000707a00000, 0x0000000707a00000| Untracked 
|  39|0x0000000707b00000, 0x0000000707b00000, 0x0000000707c00000|  0%| F|  |TAMS 0x0000000707b00000, 0x0000000707b00000| Untracked 
|  40|0x0000000707c00000, 0x0000000707c00000, 0x0000000707d00000|  0%| F|  |TAMS 0x0000000707c00000, 0x0000000707c00000| Untracked 
|  41|0x0000000707d00000, 0x0000000707d00000, 0x0000000707e00000|  0%| F|  |TAMS 0x0000000707d00000, 0x0000000707d00000| Untracked 
|  42|0x0000000707e00000, 0x0000000707e00000, 0x0000000707f00000|  0%| F|  |TAMS 0x0000000707e00000, 0x0000000707e00000| Untracked 
|  43|0x0000000707f00000, 0x0000000707f00000, 0x0000000708000000|  0%| F|  |TAMS 0x0000000707f00000, 0x0000000707f00000| Untracked 
|  44|0x0000000708000000, 0x0000000708000000, 0x0000000708100000|  0%| F|  |TAMS 0x0000000708000000, 0x0000000708000000| Untracked 
|  45|0x0000000708100000, 0x0000000708100000, 0x0000000708200000|  0%| F|  |TAMS 0x0000000708100000, 0x0000000708100000| Untracked 
|  46|0x0000000708200000, 0x0000000708200000, 0x0000000708300000|  0%| F|  |TAMS 0x0000000708200000, 0x0000000708200000| Untracked 
|  47|0x0000000708300000, 0x0000000708300000, 0x0000000708400000|  0%| F|  |TAMS 0x0000000708300000, 0x0000000708300000| Untracked 
|  48|0x0000000708400000, 0x0000000708400000, 0x0000000708500000|  0%| F|  |TAMS 0x0000000708400000, 0x0000000708400000| Untracked 
|  49|0x0000000708500000, 0x0000000708500000, 0x0000000708600000|  0%| F|  |TAMS 0x0000000708500000, 0x0000000708500000| Untracked 
|  50|0x0000000708600000, 0x0000000708600000, 0x0000000708700000|  0%| F|  |TAMS 0x0000000708600000, 0x0000000708600000| Untracked 
|  51|0x0000000708700000, 0x0000000708700000, 0x0000000708800000|  0%| F|  |TAMS 0x0000000708700000, 0x0000000708700000| Untracked 
|  52|0x0000000708800000, 0x0000000708800000, 0x0000000708900000|  0%| F|  |TAMS 0x0000000708800000, 0x0000000708800000| Untracked 
|  53|0x0000000708900000, 0x0000000708900000, 0x0000000708a00000|  0%| F|  |TAMS 0x0000000708900000, 0x0000000708900000| Untracked 
|  54|0x0000000708a00000, 0x0000000708a00000, 0x0000000708b00000|  0%| F|  |TAMS 0x0000000708a00000, 0x0000000708a00000| Untracked 
|  55|0x0000000708b00000, 0x0000000708b00000, 0x0000000708c00000|  0%| F|  |TAMS 0x0000000708b00000, 0x0000000708b00000| Untracked 
|  56|0x0000000708c00000, 0x0000000708c00000, 0x0000000708d00000|  0%| F|  |TAMS 0x0000000708c00000, 0x0000000708c00000| Untracked 
|  57|0x0000000708d00000, 0x0000000708d00000, 0x0000000708e00000|  0%| F|  |TAMS 0x0000000708d00000, 0x0000000708d00000| Untracked 
|  58|0x0000000708e00000, 0x0000000708e00000, 0x0000000708f00000|  0%| F|  |TAMS 0x0000000708e00000, 0x0000000708e00000| Untracked 
|  59|0x0000000708f00000, 0x0000000708f00000, 0x0000000709000000|  0%| F|  |TAMS 0x0000000708f00000, 0x0000000708f00000| Untracked 
|  60|0x0000000709000000, 0x0000000709000000, 0x0000000709100000|  0%| F|  |TAMS 0x0000000709000000, 0x0000000709000000| Untracked 
|  61|0x0000000709100000, 0x0000000709100000, 0x0000000709200000|  0%| F|  |TAMS 0x0000000709100000, 0x0000000709100000| Untracked 
|  62|0x0000000709200000, 0x0000000709200000, 0x0000000709300000|  0%| F|  |TAMS 0x0000000709200000, 0x0000000709200000| Untracked 
|  63|0x0000000709300000, 0x0000000709300000, 0x0000000709400000|  0%| F|  |TAMS 0x0000000709300000, 0x0000000709300000| Untracked 
|  64|0x0000000709400000, 0x0000000709400000, 0x0000000709500000|  0%| F|  |TAMS 0x0000000709400000, 0x0000000709400000| Untracked 
|  65|0x0000000709500000, 0x0000000709500000, 0x0000000709600000|  0%| F|  |TAMS 0x0000000709500000, 0x0000000709500000| Untracked 
|  66|0x0000000709600000, 0x0000000709600000, 0x0000000709700000|  0%| F|  |TAMS 0x0000000709600000, 0x0000000709600000| Untracked 
|  67|0x0000000709700000, 0x0000000709700000, 0x0000000709800000|  0%| F|  |TAMS 0x0000000709700000, 0x0000000709700000| Untracked 
|  68|0x0000000709800000, 0x0000000709800000, 0x0000000709900000|  0%| F|  |TAMS 0x0000000709800000, 0x0000000709800000| Untracked 
|  69|0x0000000709900000, 0x0000000709900000, 0x0000000709a00000|  0%| F|  |TAMS 0x0000000709900000, 0x0000000709900000| Untracked 
|  70|0x0000000709a00000, 0x0000000709a00000, 0x0000000709b00000|  0%| F|  |TAMS 0x0000000709a00000, 0x0000000709a00000| Untracked 
|  71|0x0000000709b00000, 0x0000000709b00000, 0x0000000709c00000|  0%| F|  |TAMS 0x0000000709b00000, 0x0000000709b00000| Untracked 
|  72|0x0000000709c00000, 0x0000000709c00000, 0x0000000709d00000|  0%| F|  |TAMS 0x0000000709c00000, 0x0000000709c00000| Untracked 
|  73|0x0000000709d00000, 0x0000000709d00000, 0x0000000709e00000|  0%| F|  |TAMS 0x0000000709d00000, 0x0000000709d00000| Untracked 
|  74|0x0000000709e00000, 0x0000000709e00000, 0x0000000709f00000|  0%| F|  |TAMS 0x0000000709e00000, 0x0000000709e00000| Untracked 
|  75|0x0000000709f00000, 0x0000000709f00000, 0x000000070a000000|  0%| F|  |TAMS 0x0000000709f00000, 0x0000000709f00000| Untracked 
|  76|0x000000070a000000, 0x000000070a000000, 0x000000070a100000|  0%| F|  |TAMS 0x000000070a000000, 0x000000070a000000| Untracked 
|  77|0x000000070a100000, 0x000000070a100000, 0x000000070a200000|  0%| F|  |TAMS 0x000000070a100000, 0x000000070a100000| Untracked 
|  78|0x000000070a200000, 0x000000070a200000, 0x000000070a300000|  0%| F|  |TAMS 0x000000070a200000, 0x000000070a200000| Untracked 
|  79|0x000000070a300000, 0x000000070a300000, 0x000000070a400000|  0%| F|  |TAMS 0x000000070a300000, 0x000000070a300000| Untracked 
|  80|0x000000070a400000, 0x000000070a400000, 0x000000070a500000|  0%| F|  |TAMS 0x000000070a400000, 0x000000070a400000| Untracked 
|  81|0x000000070a500000, 0x000000070a500000, 0x000000070a600000|  0%| F|  |TAMS 0x000000070a500000, 0x000000070a500000| Untracked 
|  82|0x000000070a600000, 0x000000070a600000, 0x000000070a700000|  0%| F|  |TAMS 0x000000070a600000, 0x000000070a600000| Untracked 
|  83|0x000000070a700000, 0x000000070a700000, 0x000000070a800000|  0%| F|  |TAMS 0x000000070a700000, 0x000000070a700000| Untracked 
|  84|0x000000070a800000, 0x000000070a800000, 0x000000070a900000|  0%| F|  |TAMS 0x000000070a800000, 0x000000070a800000| Untracked 
|  85|0x000000070a900000, 0x000000070a900000, 0x000000070aa00000|  0%| F|  |TAMS 0x000000070a900000, 0x000000070a900000| Untracked 
|  86|0x000000070aa00000, 0x000000070aa00000, 0x000000070ab00000|  0%| F|  |TAMS 0x000000070aa00000, 0x000000070aa00000| Untracked 
|  87|0x000000070ab00000, 0x000000070ab00000, 0x000000070ac00000|  0%| F|  |TAMS 0x000000070ab00000, 0x000000070ab00000| Untracked 
|  88|0x000000070ac00000, 0x000000070ac00000, 0x000000070ad00000|  0%| F|  |TAMS 0x000000070ac00000, 0x000000070ac00000| Untracked 
|  89|0x000000070ad00000, 0x000000070ad00000, 0x000000070ae00000|  0%| F|  |TAMS 0x000000070ad00000, 0x000000070ad00000| Untracked 
|  90|0x000000070ae00000, 0x000000070ae00000, 0x000000070af00000|  0%| F|  |TAMS 0x000000070ae00000, 0x000000070ae00000| Untracked 
|  91|0x000000070af00000, 0x000000070af00000, 0x000000070b000000|  0%| F|  |TAMS 0x000000070af00000, 0x000000070af00000| Untracked 
|  92|0x000000070b000000, 0x000000070b000000, 0x000000070b100000|  0%| F|  |TAMS 0x000000070b000000, 0x000000070b000000| Untracked 
|  93|0x000000070b100000, 0x000000070b100000, 0x000000070b200000|  0%| F|  |TAMS 0x000000070b100000, 0x000000070b100000| Untracked 
|  94|0x000000070b200000, 0x000000070b200000, 0x000000070b300000|  0%| F|  |TAMS 0x000000070b200000, 0x000000070b200000| Untracked 
|  95|0x000000070b300000, 0x000000070b300000, 0x000000070b400000|  0%| F|  |TAMS 0x000000070b300000, 0x000000070b300000| Untracked 
|  96|0x000000070b400000, 0x000000070b400000, 0x000000070b500000|  0%| F|  |TAMS 0x000000070b400000, 0x000000070b400000| Untracked 
|  97|0x000000070b500000, 0x000000070b500000, 0x000000070b600000|  0%| F|  |TAMS 0x000000070b500000, 0x000000070b500000| Untracked 
|  98|0x000000070b600000, 0x000000070b600000, 0x000000070b700000|  0%| F|  |TAMS 0x000000070b600000, 0x000000070b600000| Untracked 
|  99|0x000000070b700000, 0x000000070b700000, 0x000000070b800000|  0%| F|  |TAMS 0x000000070b700000, 0x000000070b700000| Untracked 
| 100|0x000000070b800000, 0x000000070b800000, 0x000000070b900000|  0%| F|  |TAMS 0x000000070b800000, 0x000000070b800000| Untracked 
| 101|0x000000070b900000, 0x000000070b900000, 0x000000070ba00000|  0%| F|  |TAMS 0x000000070b900000, 0x000000070b900000| Untracked 
| 102|0x000000070ba00000, 0x000000070ba00000, 0x000000070bb00000|  0%| F|  |TAMS 0x000000070ba00000, 0x000000070ba00000| Untracked 
| 103|0x000000070bb00000, 0x000000070bb00000, 0x000000070bc00000|  0%| F|  |TAMS 0x000000070bb00000, 0x000000070bb00000| Untracked 
| 104|0x000000070bc00000, 0x000000070bc00000, 0x000000070bd00000|  0%| F|  |TAMS 0x000000070bc00000, 0x000000070bc00000| Untracked 
| 105|0x000000070bd00000, 0x000000070bd00000, 0x000000070be00000|  0%| F|  |TAMS 0x000000070bd00000, 0x000000070bd00000| Untracked 
| 106|0x000000070be00000, 0x000000070be00000, 0x000000070bf00000|  0%| F|  |TAMS 0x000000070be00000, 0x000000070be00000| Untracked 
| 107|0x000000070bf00000, 0x000000070bf00000, 0x000000070c000000|  0%| F|  |TAMS 0x000000070bf00000, 0x000000070bf00000| Untracked 
| 108|0x000000070c000000, 0x000000070c000000, 0x000000070c100000|  0%| F|  |TAMS 0x000000070c000000, 0x000000070c000000| Untracked 
| 109|0x000000070c100000, 0x000000070c100000, 0x000000070c200000|  0%| F|  |TAMS 0x000000070c100000, 0x000000070c100000| Untracked 
| 110|0x000000070c200000, 0x000000070c200000, 0x000000070c300000|  0%| F|  |TAMS 0x000000070c200000, 0x000000070c200000| Untracked 
| 111|0x000000070c300000, 0x000000070c300000, 0x000000070c400000|  0%| F|  |TAMS 0x000000070c300000, 0x000000070c300000| Untracked 
| 112|0x000000070c400000, 0x000000070c400000, 0x000000070c500000|  0%| F|  |TAMS 0x000000070c400000, 0x000000070c400000| Untracked 
| 113|0x000000070c500000, 0x000000070c500000, 0x000000070c600000|  0%| F|  |TAMS 0x000000070c500000, 0x000000070c500000| Untracked 
| 114|0x000000070c600000, 0x000000070c600000, 0x000000070c700000|  0%| F|  |TAMS 0x000000070c600000, 0x000000070c600000| Untracked 
| 115|0x000000070c700000, 0x000000070c700000, 0x000000070c800000|  0%| F|  |TAMS 0x000000070c700000, 0x000000070c700000| Untracked 
| 116|0x000000070c800000, 0x000000070c800000, 0x000000070c900000|  0%| F|  |TAMS 0x000000070c800000, 0x000000070c800000| Untracked 
| 117|0x000000070c900000, 0x000000070c900000, 0x000000070ca00000|  0%| F|  |TAMS 0x000000070c900000, 0x000000070c900000| Untracked 
| 118|0x000000070ca00000, 0x000000070ca00000, 0x000000070cb00000|  0%| F|  |TAMS 0x000000070ca00000, 0x000000070ca00000| Untracked 
| 119|0x000000070cb00000, 0x000000070cb00000, 0x000000070cc00000|  0%| F|  |TAMS 0x000000070cb00000, 0x000000070cb00000| Untracked 
| 120|0x000000070cc00000, 0x000000070cc00000, 0x000000070cd00000|  0%| F|  |TAMS 0x000000070cc00000, 0x000000070cc00000| Untracked 
| 121|0x000000070cd00000, 0x000000070cd00000, 0x000000070ce00000|  0%| F|  |TAMS 0x000000070cd00000, 0x000000070cd00000| Untracked 
| 122|0x000000070ce00000, 0x000000070ce00000, 0x000000070cf00000|  0%| F|  |TAMS 0x000000070ce00000, 0x000000070ce00000| Untracked 
| 123|0x000000070cf00000, 0x000000070cf00000, 0x000000070d000000|  0%| F|  |TAMS 0x000000070cf00000, 0x000000070cf00000| Untracked 
| 124|0x000000070d000000, 0x000000070d000000, 0x000000070d100000|  0%| F|  |TAMS 0x000000070d000000, 0x000000070d000000| Untracked 
| 125|0x000000070d100000, 0x000000070d100000, 0x000000070d200000|  0%| F|  |TAMS 0x000000070d100000, 0x000000070d100000| Untracked 
| 126|0x000000070d200000, 0x000000070d200000, 0x000000070d300000|  0%| F|  |TAMS 0x000000070d200000, 0x000000070d200000| Untracked 
| 127|0x000000070d300000, 0x000000070d300000, 0x000000070d400000|  0%| F|  |TAMS 0x000000070d300000, 0x000000070d300000| Untracked 
| 128|0x000000070d400000, 0x000000070d400000, 0x000000070d500000|  0%| F|  |TAMS 0x000000070d400000, 0x000000070d400000| Untracked 
| 129|0x000000070d500000, 0x000000070d500000, 0x000000070d600000|  0%| F|  |TAMS 0x000000070d500000, 0x000000070d500000| Untracked 
| 130|0x000000070d600000, 0x000000070d600000, 0x000000070d700000|  0%| F|  |TAMS 0x000000070d600000, 0x000000070d600000| Untracked 
| 131|0x000000070d700000, 0x000000070d700000, 0x000000070d800000|  0%| F|  |TAMS 0x000000070d700000, 0x000000070d700000| Untracked 
| 132|0x000000070d800000, 0x000000070d800000, 0x000000070d900000|  0%| F|  |TAMS 0x000000070d800000, 0x000000070d800000| Untracked 
| 133|0x000000070d900000, 0x000000070d900000, 0x000000070da00000|  0%| F|  |TAMS 0x000000070d900000, 0x000000070d900000| Untracked 
| 134|0x000000070da00000, 0x000000070da00000, 0x000000070db00000|  0%| F|  |TAMS 0x000000070da00000, 0x000000070da00000| Untracked 
| 135|0x000000070db00000, 0x000000070db00000, 0x000000070dc00000|  0%| F|  |TAMS 0x000000070db00000, 0x000000070db00000| Untracked 
| 136|0x000000070dc00000, 0x000000070dc00000, 0x000000070dd00000|  0%| F|  |TAMS 0x000000070dc00000, 0x000000070dc00000| Untracked 
| 137|0x000000070dd00000, 0x000000070dd00000, 0x000000070de00000|  0%| F|  |TAMS 0x000000070dd00000, 0x000000070dd00000| Untracked 
| 138|0x000000070de00000, 0x000000070de00000, 0x000000070df00000|  0%| F|  |TAMS 0x000000070de00000, 0x000000070de00000| Untracked 
| 139|0x000000070df00000, 0x000000070df00000, 0x000000070e000000|  0%| F|  |TAMS 0x000000070df00000, 0x000000070df00000| Untracked 
| 140|0x000000070e000000, 0x000000070e000000, 0x000000070e100000|  0%| F|  |TAMS 0x000000070e000000, 0x000000070e000000| Untracked 
| 141|0x000000070e100000, 0x000000070e100000, 0x000000070e200000|  0%| F|  |TAMS 0x000000070e100000, 0x000000070e100000| Untracked 
| 142|0x000000070e200000, 0x000000070e200000, 0x000000070e300000|  0%| F|  |TAMS 0x000000070e200000, 0x000000070e200000| Untracked 
| 143|0x000000070e300000, 0x000000070e300000, 0x000000070e400000|  0%| F|  |TAMS 0x000000070e300000, 0x000000070e300000| Untracked 
| 144|0x000000070e400000, 0x000000070e400000, 0x000000070e500000|  0%| F|  |TAMS 0x000000070e400000, 0x000000070e400000| Untracked 
| 145|0x000000070e500000, 0x000000070e500000, 0x000000070e600000|  0%| F|  |TAMS 0x000000070e500000, 0x000000070e500000| Untracked 
| 146|0x000000070e600000, 0x000000070e600000, 0x000000070e700000|  0%| F|  |TAMS 0x000000070e600000, 0x000000070e600000| Untracked 
| 147|0x000000070e700000, 0x000000070e700000, 0x000000070e800000|  0%| F|  |TAMS 0x000000070e700000, 0x000000070e700000| Untracked 
| 148|0x000000070e800000, 0x000000070e800000, 0x000000070e900000|  0%| F|  |TAMS 0x000000070e800000, 0x000000070e800000| Untracked 
| 149|0x000000070e900000, 0x000000070e900000, 0x000000070ea00000|  0%| F|  |TAMS 0x000000070e900000, 0x000000070e900000| Untracked 
| 150|0x000000070ea00000, 0x000000070ea00000, 0x000000070eb00000|  0%| F|  |TAMS 0x000000070ea00000, 0x000000070ea00000| Untracked 
| 151|0x000000070eb00000, 0x000000070eb00000, 0x000000070ec00000|  0%| F|  |TAMS 0x000000070eb00000, 0x000000070eb00000| Untracked 
| 152|0x000000070ec00000, 0x000000070ec00000, 0x000000070ed00000|  0%| F|  |TAMS 0x000000070ec00000, 0x000000070ec00000| Untracked 
| 153|0x000000070ed00000, 0x000000070ed00000, 0x000000070ee00000|  0%| F|  |TAMS 0x000000070ed00000, 0x000000070ed00000| Untracked 
| 154|0x000000070ee00000, 0x000000070ee00000, 0x000000070ef00000|  0%| F|  |TAMS 0x000000070ee00000, 0x000000070ee00000| Untracked 
| 155|0x000000070ef00000, 0x000000070ef00000, 0x000000070f000000|  0%| F|  |TAMS 0x000000070ef00000, 0x000000070ef00000| Untracked 
| 156|0x000000070f000000, 0x000000070f000000, 0x000000070f100000|  0%| F|  |TAMS 0x000000070f000000, 0x000000070f000000| Untracked 
| 157|0x000000070f100000, 0x000000070f100000, 0x000000070f200000|  0%| F|  |TAMS 0x000000070f100000, 0x000000070f100000| Untracked 
| 158|0x000000070f200000, 0x000000070f200000, 0x000000070f300000|  0%| F|  |TAMS 0x000000070f200000, 0x000000070f200000| Untracked 
| 159|0x000000070f300000, 0x000000070f300000, 0x000000070f400000|  0%| F|  |TAMS 0x000000070f300000, 0x000000070f300000| Untracked 
| 160|0x000000070f400000, 0x000000070f400000, 0x000000070f500000|  0%| F|  |TAMS 0x000000070f400000, 0x000000070f400000| Untracked 
| 161|0x000000070f500000, 0x000000070f500000, 0x000000070f600000|  0%| F|  |TAMS 0x000000070f500000, 0x000000070f500000| Untracked 
| 162|0x000000070f600000, 0x000000070f600000, 0x000000070f700000|  0%| F|  |TAMS 0x000000070f600000, 0x000000070f600000| Untracked 
| 163|0x000000070f700000, 0x000000070f700000, 0x000000070f800000|  0%| F|  |TAMS 0x000000070f700000, 0x000000070f700000| Untracked 
| 164|0x000000070f800000, 0x000000070f800000, 0x000000070f900000|  0%| F|  |TAMS 0x000000070f800000, 0x000000070f800000| Untracked 
| 165|0x000000070f900000, 0x000000070f900000, 0x000000070fa00000|  0%| F|  |TAMS 0x000000070f900000, 0x000000070f900000| Untracked 
| 166|0x000000070fa00000, 0x000000070fa00000, 0x000000070fb00000|  0%| F|  |TAMS 0x000000070fa00000, 0x000000070fa00000| Untracked 
| 167|0x000000070fb00000, 0x000000070fb00000, 0x000000070fc00000|  0%| F|  |TAMS 0x000000070fb00000, 0x000000070fb00000| Untracked 
| 168|0x000000070fc00000, 0x000000070fc00000, 0x000000070fd00000|  0%| F|  |TAMS 0x000000070fc00000, 0x000000070fc00000| Untracked 
| 169|0x000000070fd00000, 0x000000070fd00000, 0x000000070fe00000|  0%| F|  |TAMS 0x000000070fd00000, 0x000000070fd00000| Untracked 
| 170|0x000000070fe00000, 0x000000070fe00000, 0x000000070ff00000|  0%| F|  |TAMS 0x000000070fe00000, 0x000000070fe00000| Untracked 
| 171|0x000000070ff00000, 0x000000070ff00000, 0x0000000710000000|  0%| F|  |TAMS 0x000000070ff00000, 0x000000070ff00000| Untracked 
| 172|0x0000000710000000, 0x0000000710000000, 0x0000000710100000|  0%| F|  |TAMS 0x0000000710000000, 0x0000000710000000| Untracked 
| 173|0x0000000710100000, 0x0000000710100000, 0x0000000710200000|  0%| F|  |TAMS 0x0000000710100000, 0x0000000710100000| Untracked 
| 174|0x0000000710200000, 0x0000000710200000, 0x0000000710300000|  0%| F|  |TAMS 0x0000000710200000, 0x0000000710200000| Untracked 
| 175|0x0000000710300000, 0x0000000710300000, 0x0000000710400000|  0%| F|  |TAMS 0x0000000710300000, 0x0000000710300000| Untracked 
| 176|0x0000000710400000, 0x0000000710400000, 0x0000000710500000|  0%| F|  |TAMS 0x0000000710400000, 0x0000000710400000| Untracked 
| 177|0x0000000710500000, 0x0000000710500000, 0x0000000710600000|  0%| F|  |TAMS 0x0000000710500000, 0x0000000710500000| Untracked 
| 178|0x0000000710600000, 0x0000000710600000, 0x0000000710700000|  0%| F|  |TAMS 0x0000000710600000, 0x0000000710600000| Untracked 
| 179|0x0000000710700000, 0x0000000710700000, 0x0000000710800000|  0%| F|  |TAMS 0x0000000710700000, 0x0000000710700000| Untracked 
| 180|0x0000000710800000, 0x000000071083eea0, 0x0000000710900000| 24%| S|CS|TAMS 0x0000000710800000, 0x0000000710800000| Complete 
| 181|0x0000000710900000, 0x0000000710a00000, 0x0000000710a00000|100%| S|CS|TAMS 0x0000000710900000, 0x0000000710900000| Complete 
| 182|0x0000000710a00000, 0x0000000710b00000, 0x0000000710b00000|100%| S|CS|TAMS 0x0000000710a00000, 0x0000000710a00000| Complete 
| 183|0x0000000710b00000, 0x0000000710c00000, 0x0000000710c00000|100%| S|CS|TAMS 0x0000000710b00000, 0x0000000710b00000| Complete 
| 184|0x0000000710c00000, 0x0000000710d00000, 0x0000000710d00000|100%| S|CS|TAMS 0x0000000710c00000, 0x0000000710c00000| Complete 
| 185|0x0000000710d00000, 0x0000000710e00000, 0x0000000710e00000|100%| S|CS|TAMS 0x0000000710d00000, 0x0000000710d00000| Complete 
| 186|0x0000000710e00000, 0x0000000710f00000, 0x0000000710f00000|100%| S|CS|TAMS 0x0000000710e00000, 0x0000000710e00000| Complete 
| 187|0x0000000710f00000, 0x0000000711000000, 0x0000000711000000|100%| S|CS|TAMS 0x0000000710f00000, 0x0000000710f00000| Complete 
| 188|0x0000000711000000, 0x0000000711000000, 0x0000000711100000|  0%| F|  |TAMS 0x0000000711000000, 0x0000000711000000| Untracked 
| 189|0x0000000711100000, 0x0000000711100000, 0x0000000711200000|  0%| F|  |TAMS 0x0000000711100000, 0x0000000711100000| Untracked 
| 190|0x0000000711200000, 0x0000000711200000, 0x0000000711300000|  0%| F|  |TAMS 0x0000000711200000, 0x0000000711200000| Untracked 
| 191|0x0000000711300000, 0x0000000711300000, 0x0000000711400000|  0%| F|  |TAMS 0x0000000711300000, 0x0000000711300000| Untracked 
| 192|0x0000000711400000, 0x0000000711400000, 0x0000000711500000|  0%| F|  |TAMS 0x0000000711400000, 0x0000000711400000| Untracked 
| 193|0x0000000711500000, 0x0000000711500000, 0x0000000711600000|  0%| F|  |TAMS 0x0000000711500000, 0x0000000711500000| Untracked 
| 194|0x0000000711600000, 0x0000000711600000, 0x0000000711700000|  0%| F|  |TAMS 0x0000000711600000, 0x0000000711600000| Untracked 
| 195|0x0000000711700000, 0x0000000711700000, 0x0000000711800000|  0%| F|  |TAMS 0x0000000711700000, 0x0000000711700000| Untracked 
| 196|0x0000000711800000, 0x0000000711800000, 0x0000000711900000|  0%| F|  |TAMS 0x0000000711800000, 0x0000000711800000| Untracked 
| 197|0x0000000711900000, 0x0000000711900000, 0x0000000711a00000|  0%| F|  |TAMS 0x0000000711900000, 0x0000000711900000| Untracked 
| 198|0x0000000711a00000, 0x0000000711a00000, 0x0000000711b00000|  0%| F|  |TAMS 0x0000000711a00000, 0x0000000711a00000| Untracked 
| 199|0x0000000711b00000, 0x0000000711b00000, 0x0000000711c00000|  0%| F|  |TAMS 0x0000000711b00000, 0x0000000711b00000| Untracked 
| 200|0x0000000711c00000, 0x0000000711c00000, 0x0000000711d00000|  0%| F|  |TAMS 0x0000000711c00000, 0x0000000711c00000| Untracked 
| 201|0x0000000711d00000, 0x0000000711d00000, 0x0000000711e00000|  0%| F|  |TAMS 0x0000000711d00000, 0x0000000711d00000| Untracked 
| 202|0x0000000711e00000, 0x0000000711e00000, 0x0000000711f00000|  0%| F|  |TAMS 0x0000000711e00000, 0x0000000711e00000| Untracked 
| 203|0x0000000711f00000, 0x0000000711f00000, 0x0000000712000000|  0%| F|  |TAMS 0x0000000711f00000, 0x0000000711f00000| Untracked 
| 204|0x0000000712000000, 0x0000000712000000, 0x0000000712100000|  0%| F|  |TAMS 0x0000000712000000, 0x0000000712000000| Untracked 
| 205|0x0000000712100000, 0x0000000712100000, 0x0000000712200000|  0%| F|  |TAMS 0x0000000712100000, 0x0000000712100000| Untracked 
| 206|0x0000000712200000, 0x0000000712200000, 0x0000000712300000|  0%| F|  |TAMS 0x0000000712200000, 0x0000000712200000| Untracked 
| 207|0x0000000712300000, 0x0000000712300000, 0x0000000712400000|  0%| F|  |TAMS 0x0000000712300000, 0x0000000712300000| Untracked 
| 208|0x0000000712400000, 0x0000000712400000, 0x0000000712500000|  0%| F|  |TAMS 0x0000000712400000, 0x0000000712400000| Untracked 
| 209|0x0000000712500000, 0x0000000712500000, 0x0000000712600000|  0%| F|  |TAMS 0x0000000712500000, 0x0000000712500000| Untracked 
| 210|0x0000000712600000, 0x0000000712600000, 0x0000000712700000|  0%| F|  |TAMS 0x0000000712600000, 0x0000000712600000| Untracked 
| 211|0x0000000712700000, 0x0000000712700000, 0x0000000712800000|  0%| F|  |TAMS 0x0000000712700000, 0x0000000712700000| Untracked 
| 212|0x0000000712800000, 0x0000000712800000, 0x0000000712900000|  0%| F|  |TAMS 0x0000000712800000, 0x0000000712800000| Untracked 
| 213|0x0000000712900000, 0x0000000712900000, 0x0000000712a00000|  0%| F|  |TAMS 0x0000000712900000, 0x0000000712900000| Untracked 
| 214|0x0000000712a00000, 0x0000000712a00000, 0x0000000712b00000|  0%| F|  |TAMS 0x0000000712a00000, 0x0000000712a00000| Untracked 
| 215|0x0000000712b00000, 0x0000000712b00000, 0x0000000712c00000|  0%| F|  |TAMS 0x0000000712b00000, 0x0000000712b00000| Untracked 
| 216|0x0000000712c00000, 0x0000000712c00000, 0x0000000712d00000|  0%| F|  |TAMS 0x0000000712c00000, 0x0000000712c00000| Untracked 
| 217|0x0000000712d00000, 0x0000000712d00000, 0x0000000712e00000|  0%| F|  |TAMS 0x0000000712d00000, 0x0000000712d00000| Untracked 
| 218|0x0000000712e00000, 0x0000000712e00000, 0x0000000712f00000|  0%| F|  |TAMS 0x0000000712e00000, 0x0000000712e00000| Untracked 
| 219|0x0000000712f00000, 0x0000000712f00000, 0x0000000713000000|  0%| F|  |TAMS 0x0000000712f00000, 0x0000000712f00000| Untracked 
| 220|0x0000000713000000, 0x0000000713000000, 0x0000000713100000|  0%| F|  |TAMS 0x0000000713000000, 0x0000000713000000| Untracked 
| 221|0x0000000713100000, 0x0000000713100000, 0x0000000713200000|  0%| F|  |TAMS 0x0000000713100000, 0x0000000713100000| Untracked 
| 222|0x0000000713200000, 0x0000000713200000, 0x0000000713300000|  0%| F|  |TAMS 0x0000000713200000, 0x0000000713200000| Untracked 
| 223|0x0000000713300000, 0x0000000713300000, 0x0000000713400000|  0%| F|  |TAMS 0x0000000713300000, 0x0000000713300000| Untracked 
| 224|0x0000000713400000, 0x0000000713400000, 0x0000000713500000|  0%| F|  |TAMS 0x0000000713400000, 0x0000000713400000| Untracked 
| 225|0x0000000713500000, 0x0000000713500000, 0x0000000713600000|  0%| F|  |TAMS 0x0000000713500000, 0x0000000713500000| Untracked 
| 226|0x0000000713600000, 0x0000000713600000, 0x0000000713700000|  0%| F|  |TAMS 0x0000000713600000, 0x0000000713600000| Untracked 
| 227|0x0000000713700000, 0x0000000713700000, 0x0000000713800000|  0%| F|  |TAMS 0x0000000713700000, 0x0000000713700000| Untracked 
| 228|0x0000000713800000, 0x0000000713800000, 0x0000000713900000|  0%| F|  |TAMS 0x0000000713800000, 0x0000000713800000| Untracked 
| 229|0x0000000713900000, 0x0000000713900000, 0x0000000713a00000|  0%| F|  |TAMS 0x0000000713900000, 0x0000000713900000| Untracked 
| 230|0x0000000713a00000, 0x0000000713a00000, 0x0000000713b00000|  0%| F|  |TAMS 0x0000000713a00000, 0x0000000713a00000| Untracked 
| 231|0x0000000713b00000, 0x0000000713b00000, 0x0000000713c00000|  0%| F|  |TAMS 0x0000000713b00000, 0x0000000713b00000| Untracked 
| 232|0x0000000713c00000, 0x0000000713c00000, 0x0000000713d00000|  0%| F|  |TAMS 0x0000000713c00000, 0x0000000713c00000| Untracked 
| 233|0x0000000713d00000, 0x0000000713d00000, 0x0000000713e00000|  0%| F|  |TAMS 0x0000000713d00000, 0x0000000713d00000| Untracked 
| 234|0x0000000713e00000, 0x0000000713e00000, 0x0000000713f00000|  0%| F|  |TAMS 0x0000000713e00000, 0x0000000713e00000| Untracked 
| 235|0x0000000713f00000, 0x0000000713f00000, 0x0000000714000000|  0%| F|  |TAMS 0x0000000713f00000, 0x0000000713f00000| Untracked 
| 236|0x0000000714000000, 0x0000000714000000, 0x0000000714100000|  0%| F|  |TAMS 0x0000000714000000, 0x0000000714000000| Untracked 
| 237|0x0000000714100000, 0x0000000714100000, 0x0000000714200000|  0%| F|  |TAMS 0x0000000714100000, 0x0000000714100000| Untracked 
| 238|0x0000000714200000, 0x0000000714200000, 0x0000000714300000|  0%| F|  |TAMS 0x0000000714200000, 0x0000000714200000| Untracked 
| 239|0x0000000714300000, 0x0000000714300000, 0x0000000714400000|  0%| F|  |TAMS 0x0000000714300000, 0x0000000714300000| Untracked 
| 240|0x0000000714400000, 0x0000000714400000, 0x0000000714500000|  0%| F|  |TAMS 0x0000000714400000, 0x0000000714400000| Untracked 
| 241|0x0000000714500000, 0x0000000714500000, 0x0000000714600000|  0%| F|  |TAMS 0x0000000714500000, 0x0000000714500000| Untracked 
| 242|0x0000000714600000, 0x0000000714600000, 0x0000000714700000|  0%| F|  |TAMS 0x0000000714600000, 0x0000000714600000| Untracked 
| 243|0x0000000714700000, 0x0000000714700000, 0x0000000714800000|  0%| F|  |TAMS 0x0000000714700000, 0x0000000714700000| Untracked 
| 244|0x0000000714800000, 0x0000000714800000, 0x0000000714900000|  0%| F|  |TAMS 0x0000000714800000, 0x0000000714800000| Untracked 
| 245|0x0000000714900000, 0x0000000714a00000, 0x0000000714a00000|100%| E|  |TAMS 0x0000000714900000, 0x0000000714900000| Complete 
| 246|0x0000000714a00000, 0x0000000714b00000, 0x0000000714b00000|100%| E|CS|TAMS 0x0000000714a00000, 0x0000000714a00000| Complete 
| 247|0x0000000714b00000, 0x0000000714c00000, 0x0000000714c00000|100%| E|CS|TAMS 0x0000000714b00000, 0x0000000714b00000| Complete 
| 248|0x0000000714c00000, 0x0000000714d00000, 0x0000000714d00000|100%| E|CS|TAMS 0x0000000714c00000, 0x0000000714c00000| Complete 
| 249|0x0000000714d00000, 0x0000000714e00000, 0x0000000714e00000|100%| E|CS|TAMS 0x0000000714d00000, 0x0000000714d00000| Complete 
| 250|0x0000000714e00000, 0x0000000714f00000, 0x0000000714f00000|100%| E|CS|TAMS 0x0000000714e00000, 0x0000000714e00000| Complete 
| 251|0x0000000714f00000, 0x0000000715000000, 0x0000000715000000|100%| E|CS|TAMS 0x0000000714f00000, 0x0000000714f00000| Complete 

Card table byte_map: [0x00000184db640000,0x00000184dbe20000] _byte_map_base: 0x00000184d7e16000

Marking Bits (Prev, Next): (CMBitMap*) 0x00000184c31ea2f8, (CMBitMap*) 0x00000184c31ea330
 Prev Bits: [0x00000184dc600000, 0x00000184e04b0000)
 Next Bits: [0x00000184e04b0000, 0x00000184e4360000)

Polling page: 0x00000184c1120000

Metaspace:

Usage:
  Non-class:     31.95 MB capacity,    31.41 MB ( 98%) used,   442.64 KB (  1%) free+waste,   113.38 KB ( <1%) overhead. 
      Class:      4.57 MB capacity,     4.21 MB ( 92%) used,   310.03 KB (  7%) free+waste,    54.63 KB (  1%) overhead. 
       Both:     36.52 MB capacity,    35.62 MB ( 98%) used,   752.67 KB (  2%) free+waste,   168.00 KB ( <1%) overhead. 

Virtual space:
  Non-class space:       34.00 MB reserved,      32.20 MB ( 95%) committed 
      Class space:        1.00 GB reserved,       4.63 MB ( <1%) committed 
             Both:        1.03 GB reserved,      36.83 MB (  3%) committed 

Chunk freelists:
   Non-Class:  67.00 KB
       Class:  26.00 KB
        Both:  93.00 KB

MaxMetaspaceSize: 17179869184.00 GB
CompressedClassSpaceSize: 1.00 GB
Initial GC threshold: 20.80 MB
Current GC threshold: 59.09 MB
CDS: off

CodeHeap 'non-profiled nmethods': size=120000Kb used=1814Kb max_used=1814Kb free=118185Kb
 bounds [0x00000184d33d0000, 0x00000184d3640000, 0x00000184da900000]
CodeHeap 'profiled nmethods': size=120000Kb used=7777Kb max_used=7777Kb free=112222Kb
 bounds [0x00000184cbea0000, 0x00000184cc640000, 0x00000184d33d0000]
CodeHeap 'non-nmethods': size=5760Kb used=1212Kb max_used=1270Kb free=4547Kb
 bounds [0x00000184cb900000, 0x00000184cbb70000, 0x00000184cbea0000]
 total_blobs=3844 nmethods=3376 adapters=380
 compilation: enabled
              stopped_count=0, restarted_count=0
 full_count=0

Compilation events (20 events):
Event: 1.537 Thread 0x00000184e7a13000 nmethod 3355 0x00000184cc62e710 code [0x00000184cc62e9a0, 0x00000184cc62fa78]
Event: 1.538 Thread 0x00000184e7a13000 3356       3       jdk.internal.misc.Unsafe::allocateUninitializedArray0 (90 bytes)
Event: 1.538 Thread 0x00000184e7a13000 nmethod 3356 0x00000184cc62fe90 code [0x00000184cc630080, 0x00000184cc630938]
Event: 1.539 Thread 0x00000184e7a13000 3358   !   3       java.util.concurrent.ConcurrentHashMap::initTable (112 bytes)
Event: 1.539 Thread 0x00000184e7a13000 nmethod 3358 0x00000184cc630a90 code [0x00000184cc630c80, 0x00000184cc631208]
Event: 1.540 Thread 0x00000184e7a11800 nmethod 3186 0x00000184d357fd10 code [0x00000184d3580340, 0x00000184d3587520]
Event: 1.540 Thread 0x00000184e7a11800 3344       4       java.util.Properties::loadConvert (524 bytes)
Event: 1.543 Thread 0x00000184e7cd4800 nmethod 3343% 0x00000184d3589e10 code [0x00000184d358a040, 0x00000184d358ae20]
Event: 1.543 Thread 0x00000184e7cd4800 3357       4       sun.nio.cs.UTF_8$Decoder::decodeArrayLoop (691 bytes)
Event: 1.546 Thread 0x00000184e7cd4800 nmethod 3357 0x00000184d358b910 code [0x00000184d358bac0, 0x00000184d358bea8]
Event: 1.546 Thread 0x00000184e7cd4800 3359 %     4       java.util.Properties$LineReader::readLine @ 53 (635 bytes)
Event: 1.553 Thread 0x00000184e7a13000 3361       3       sun.nio.cs.UTF_8$Decoder::decodeLoop (28 bytes)
Event: 1.553 Thread 0x00000184e8992000 nmethod 3188 0x00000184d358c190 code [0x00000184d358c400, 0x00000184d358e2a0]
Event: 1.553 Thread 0x00000184e8992000 3360 %     4       sun.nio.fs.WindowsPathParser::normalize @ 18 (233 bytes)
Event: 1.553 Thread 0x00000184e7a13000 nmethod 3361 0x00000184cc631410 code [0x00000184cc631600, 0x00000184cc6319f8]
Event: 1.553 Thread 0x00000184e7a13000 3362       3       java.util.Locale::equals (75 bytes)
Event: 1.554 Thread 0x00000184e7a13000 nmethod 3362 0x00000184cc631b90 code [0x00000184cc631da0, 0x00000184cc6324d8]
Event: 1.555 Thread 0x00000184e7a13000 3363       3       java.io.FilterInputStream::close (8 bytes)
Event: 1.555 Thread 0x00000184e7a13000 nmethod 3363 0x00000184cc632690 code [0x00000184cc632840, 0x00000184cc632a08]
Event: 1.556 Thread 0x00000184e7a13000 3364       3       sun.net.www.protocol.jar.JarFileFactory::urlKey (39 bytes)

GC Heap History (8 events):
Event: 0.404 GC heap before
{Heap before GC invocations=0 (full 0):
 garbage-first heap   total 258048K, used 24576K [0x0000000705400000, 0x0000000800000000)
  region size 1024K, 24 young (24576K), 0 survivors (0K)
 Metaspace       used 13027K, capacity 13326K, committed 13440K, reserved 1060864K
  class space    used 1271K, capacity 1386K, committed 1408K, reserved 1048576K
}
Event: 0.406 GC heap after
{Heap after GC invocations=1 (full 0):
 garbage-first heap   total 258048K, used 5132K [0x0000000705400000, 0x0000000800000000)
  region size 1024K, 3 young (3072K), 3 survivors (3072K)
 Metaspace       used 13027K, capacity 13326K, committed 13440K, reserved 1060864K
  class space    used 1271K, capacity 1386K, committed 1408K, reserved 1048576K
}
Event: 0.692 GC heap before
{Heap before GC invocations=1 (full 0):
 garbage-first heap   total 258048K, used 45068K [0x0000000705400000, 0x0000000800000000)
  region size 1024K, 43 young (44032K), 3 survivors (3072K)
 Metaspace       used 20709K, capacity 21189K, committed 21248K, reserved 1069056K
  class space    used 2352K, capacity 2544K, committed 2560K, reserved 1048576K
}
Event: 0.695 GC heap after
{Heap after GC invocations=2 (full 0):
 garbage-first heap   total 258048K, used 7028K [0x0000000705400000, 0x0000000800000000)
  region size 1024K, 5 young (5120K), 5 survivors (5120K)
 Metaspace       used 20709K, capacity 21189K, committed 21248K, reserved 1069056K
  class space    used 2352K, capacity 2544K, committed 2560K, reserved 1048576K
}
Event: 0.919 GC heap before
{Heap before GC invocations=3 (full 0):
 garbage-first heap   total 258048K, used 58228K [0x0000000705400000, 0x0000000800000000)
  region size 1024K, 56 young (57344K), 5 survivors (5120K)
 Metaspace       used 27635K, capacity 28236K, committed 28284K, reserved 1075200K
  class space    used 3196K, capacity 3420K, committed 3456K, reserved 1048576K
}
Event: 0.922 GC heap after
{Heap after GC invocations=4 (full 0):
 garbage-first heap   total 258048K, used 9637K [0x0000000705400000, 0x0000000800000000)
  region size 1024K, 5 young (5120K), 5 survivors (5120K)
 Metaspace       used 27635K, capacity 28236K, committed 28284K, reserved 1075200K
  class space    used 3196K, capacity 3420K, committed 3456K, reserved 1048576K
}
Event: 1.501 GC heap before
{Heap before GC invocations=4 (full 0):
 garbage-first heap   total 258048K, used 69029K [0x0000000705400000, 0x0000000800000000)
  region size 1024K, 64 young (65536K), 5 survivors (5120K)
 Metaspace       used 35071K, capacity 35956K, committed 36048K, reserved 1081344K
  class space    used 4170K, capacity 4542K, committed 4608K, reserved 1048576K
}
Event: 1.507 GC heap after
{Heap after GC invocations=5 (full 0):
 garbage-first heap   total 258048K, used 12672K [0x0000000705400000, 0x0000000800000000)
  region size 1024K, 8 young (8192K), 8 survivors (8192K)
 Metaspace       used 35071K, capacity 35956K, committed 36048K, reserved 1081344K
  class space    used 4170K, capacity 4542K, committed 4608K, reserved 1048576K
}

Deoptimization events (20 events):
Event: 1.433 Thread 0x00000184c3186000 DEOPT PACKING pc=0x00000184d34afa68 sp=0x00000044b93fda00
Event: 1.433 Thread 0x00000184c3186000 DEOPT UNPACKING pc=0x00000184cb9085af sp=0x00000044b93fd990 mode 2
Event: 1.487 Thread 0x00000184c3186000 DEOPT PACKING pc=0x00000184cc60ee46 sp=0x00000044b93fd990
Event: 1.487 Thread 0x00000184c3186000 DEOPT UNPACKING pc=0x00000184cb949d0e sp=0x00000044b93fcea8 mode 0
Event: 1.493 Thread 0x00000184c3186000 DEOPT PACKING pc=0x00000184cc60ee46 sp=0x00000044b93fd1d0
Event: 1.493 Thread 0x00000184c3186000 DEOPT UNPACKING pc=0x00000184cb949d0e sp=0x00000044b93fc6e8 mode 0
Event: 1.497 Thread 0x00000184c3186000 DEOPT PACKING pc=0x00000184cc60ee46 sp=0x00000044b93fd3a0
Event: 1.497 Thread 0x00000184c3186000 DEOPT UNPACKING pc=0x00000184cb949d0e sp=0x00000044b93fc8b8 mode 0
Event: 1.497 Thread 0x00000184c3186000 DEOPT PACKING pc=0x00000184cc60ee46 sp=0x00000044b93fd3a0
Event: 1.497 Thread 0x00000184c3186000 DEOPT UNPACKING pc=0x00000184cb949d0e sp=0x00000044b93fc8b8 mode 0
Event: 1.525 Thread 0x00000184c3186000 DEOPT PACKING pc=0x00000184cc60ee46 sp=0x00000044b93fd4b0
Event: 1.525 Thread 0x00000184c3186000 DEOPT UNPACKING pc=0x00000184cb949d0e sp=0x00000044b93fc9c8 mode 0
Event: 1.539 Thread 0x00000184c3186000 DEOPT PACKING pc=0x00000184cc5ef367 sp=0x00000044b93fd080
Event: 1.539 Thread 0x00000184c3186000 DEOPT UNPACKING pc=0x00000184cb949d0e sp=0x00000044b93fc620 mode 0
Event: 1.539 Thread 0x00000184c3186000 DEOPT PACKING pc=0x00000184cc60ee46 sp=0x00000044b93fd5f0
Event: 1.539 Thread 0x00000184c3186000 DEOPT UNPACKING pc=0x00000184cb949d0e sp=0x00000044b93fcb08 mode 0
Event: 1.543 Thread 0x00000184c3186000 DEOPT PACKING pc=0x00000184cc5ef367 sp=0x00000044b93fd090
Event: 1.543 Thread 0x00000184c3186000 DEOPT UNPACKING pc=0x00000184cb949d0e sp=0x00000044b93fc630 mode 0
Event: 1.543 Thread 0x00000184c3186000 DEOPT PACKING pc=0x00000184cc60ee46 sp=0x00000044b93fd600
Event: 1.543 Thread 0x00000184c3186000 DEOPT UNPACKING pc=0x00000184cb949d0e sp=0x00000044b93fcb18 mode 0

Classes redefined (0 events):
No events

Internal exceptions (20 events):
Event: 1.311 Thread 0x00000184c3186000 Exception <a 'java/lang/ClassNotFoundException'{0x00000007123cee80}: org/springframework/beans/factory/config/InstantiationAwareBeanPostProcessorCustomizer> (0x00000007123cee80) thrown at [./src/hotspot/share/classfile/systemDictionary.cpp, line 230]
Event: 1.311 Thread 0x00000184c3186000 Exception <a 'java/lang/ClassNotFoundException'{0x00000007123dfc80}: org/springframework/beans/factory/config/BeanPostProcessorCustomizer> (0x00000007123dfc80) thrown at [./src/hotspot/share/classfile/systemDictionary.cpp, line 230]
Event: 1.311 Thread 0x00000184c3186000 Exception <a 'java/lang/ClassNotFoundException'{0x00000007123eda68}: org/springframework/beans/factory/BeanFactoryAwareCustomizer> (0x00000007123eda68) thrown at [./src/hotspot/share/classfile/systemDictionary.cpp, line 230]
Event: 1.312 Thread 0x00000184c3186000 Exception <a 'java/lang/ClassNotFoundException'{0x00000007123fa620}: org/springframework/beans/factory/AwareCustomizer> (0x00000007123fa620) thrown at [./src/hotspot/share/classfile/systemDictionary.cpp, line 230]
Event: 1.312 Thread 0x00000184c3186000 Exception <a 'java/lang/ClassNotFoundException'{0x00000007122054b8}: org/springframework/core/OrderedCustomizer> (0x00000007122054b8) thrown at [./src/hotspot/share/classfile/systemDictionary.cpp, line 230]
Event: 1.312 Thread 0x00000184c3186000 Exception <a 'java/lang/ClassNotFoundException'{0x0000000712212bd0}: org/springframework/beans/factory/BeanClassLoaderAwareCustomizer> (0x0000000712212bd0) thrown at [./src/hotspot/share/classfile/systemDictionary.cpp, line 230]
Event: 1.312 Thread 0x00000184c3186000 Exception <a 'java/lang/ClassNotFoundException'{0x000000071221ed38}: org/springframework/beans/factory/AwareCustomizer> (0x000000071221ed38) thrown at [./src/hotspot/share/classfile/systemDictionary.cpp, line 230]
Event: 1.312 Thread 0x00000184c3186000 Exception <a 'java/lang/ClassNotFoundException'{0x000000071222b930}: org/springframework/aop/framework/AopInfrastructureBeanCustomizer> (0x000000071222b930) thrown at [./src/hotspot/share/classfile/systemDictionary.cpp, line 230]
Event: 1.316 Thread 0x00000184c3186000 Exception <a 'java/lang/ClassNotFoundException'{0x000000071227b968}: java/lang/ObjectCustomizer> (0x000000071227b968) thrown at [./src/hotspot/share/classfile/systemDictionary.cpp, line 230]
Event: 1.317 Thread 0x00000184c3186000 Exception <a 'java/lang/ClassNotFoundException'{0x000000071228f400}: org/springframework/transaction/annotation/AbstractTransactionManagementConfigurationCustomizer> (0x000000071228f400) thrown at [./src/hotspot/share/classfile/systemDictionary.cpp, line 230]
Event: 1.317 Thread 0x00000184c3186000 Exception <a 'java/lang/ClassNotFoundException'{0x00000007122a1b90}: org/springframework/transaction/annotation/ProxyTransactionManagementConfigurationCustomizer> (0x00000007122a1b90) thrown at [./src/hotspot/share/classfile/systemDictionary.cpp, line 230]
Event: 1.317 Thread 0x00000184c3186000 Exception <a 'java/lang/ClassNotFoundException'{0x00000007122b2978}: org/springframework/context/annotation/ImportAwareCustomizer> (0x00000007122b2978) thrown at [./src/hotspot/share/classfile/systemDictionary.cpp, line 230]
Event: 1.317 Thread 0x00000184c3186000 Exception <a 'java/lang/ClassNotFoundException'{0x00000007122bf6f8}: org/springframework/beans/factory/AwareCustomizer> (0x00000007122bf6f8) thrown at [./src/hotspot/share/classfile/systemDictionary.cpp, line 230]
Event: 1.369 Thread 0x00000184c3186000 Implicit null exception at 0x00000184d35498d0 to 0x00000184d3549d3c
Event: 1.371 Thread 0x00000184c3186000 Exception <a 'java/lang/NoSuchMethodError'{0x0000000711d761d0}: 'void java.lang.invoke.DelegatingMethodHandle$Holder.delegate(java.lang.Object, java.lang.Object, int, java.lang.Object)'> (0x0000000711d761d0) thrown at [./src/hotspot/share/interpreter/linkResolver.cpp, line 773]
Event: 1.387 Thread 0x00000184c3186000 Exception <a 'java/lang/NoSuchMethodError'{0x0000000711c7ade8}: 'void java.lang.invoke.DirectMethodHandle$Holder.invokeInterface(java.lang.Object, java.lang.Object, int)'> (0x0000000711c7ade8) thrown at [./src/hotspot/share/interpreter/linkResolver.cpp, line 773]
Event: 1.391 Thread 0x00000184c3186000 Exception <a 'java/lang/IncompatibleClassChangeError'{0x0000000711cc6568}: Found class java.lang.Object, but interface was expected> (0x0000000711cc6568) thrown at [./src/hotspot/share/interpreter/linkResolver.cpp, line 839]
Event: 1.391 Thread 0x00000184c3186000 Exception <a 'java/lang/NoSuchMethodError'{0x0000000711ccb410}: 'void java.lang.invoke.DirectMethodHandle$Holder.invokeStatic(java.lang.Object, int, java.lang.Object)'> (0x0000000711ccb410) thrown at [./src/hotspot/share/interpreter/linkResolver.cpp, line 773]
Event: 1.440 Thread 0x00000184c3186000 Exception <a 'java/lang/NoSuchMethodError'{0x0000000711218cd8}: 'java.lang.Object java.lang.invoke.DirectMethodHandle$Holder.invokeStaticInit(java.lang.Object, int, int, int, int)'> (0x0000000711218cd8) thrown at [./src/hotspot/share/interpreter/linkResolver.cpp, line 773]
Event: 1.482 Thread 0x00000184c3186000 Exception <a 'java/lang/NoSuchMethodError'{0x00000007112ad288}: 'java.lang.Object java.lang.invoke.DirectMethodHandle$Holder.invokeStaticInit(java.lang.Object, java.lang.Object, int, int, int, int)'> (0x00000007112ad288) thrown at [./src/hotspot/share/interpreter/linkResolver.cpp, line 773]

Events (20 events):
Event: 1.554 loading class org/apache/catalina/WebResourceRoot$ArchiveIndexStrategy
Event: 1.554 loading class org/apache/catalina/WebResourceRoot$ArchiveIndexStrategy done
Event: 1.554 loading class org/apache/catalina/util/URLEncoder
Event: 1.554 loading class org/apache/catalina/util/URLEncoder done
Event: 1.555 loading class org/apache/catalina/startup/Tomcat$FixContextListener
Event: 1.555 loading class org/apache/catalina/startup/Tomcat$FixContextListener done
Event: 1.555 loading class org/apache/catalina/util/CharsetMapper
Event: 1.555 loading class org/apache/catalina/util/CharsetMapper done
Event: 1.555 loading class org/springframework/boot/web/embedded/tomcat/TomcatEmbeddedContext
Event: 1.555 loading class org/springframework/boot/web/embedded/tomcat/TomcatEmbeddedContext done
Event: 1.555 loading class org/springframework/boot/web/embedded/tomcat/TomcatEmbeddedContext
Event: 1.555 loading class org/springframework/boot/web/embedded/tomcat/TomcatEmbeddedContext done
Event: 1.555 loading class org/apache/tomcat/util/scan/StandardJarScanFilter
Event: 1.555 loading class org/apache/tomcat/util/scan/StandardJarScanFilter done
Event: 1.556 loading class org/apache/tomcat/util/scan/StandardJarScanner
Event: 1.556 loading class org/apache/tomcat/util/scan/StandardJarScanner done
Event: 1.556 loading class org/apache/tomcat/util/scan/LocalStrings
Event: 1.556 loading class org/apache/tomcat/util/scan/LocalStrings done
Event: 1.557 loading class org/apache/tomcat/util/scan/LocalStrings_ko
Event: 1.557 loading class org/apache/tomcat/util/scan/LocalStrings_ko done


Dynamic libraries:
0x00007ff794b40000 - 0x00007ff794b4d000 	C:\Users\user\.jdks\corretto-11.0.18\bin\java.exe
0x00007ff96ca30000 - 0x00007ff96cc28000 	C:\windows\SYSTEM32\ntdll.dll
0x00007ff96aa90000 - 0x00007ff96ab4f000 	C:\windows\System32\KERNEL32.DLL
0x00007ff96a500000 - 0x00007ff96a7f6000 	C:\windows\System32\KERNELBASE.dll
0x00007ff96a910000 - 0x00007ff96aa10000 	C:\windows\System32\ucrtbase.dll
0x00007ff91f6b0000 - 0x00007ff91f6c9000 	C:\Users\user\.jdks\corretto-11.0.18\bin\VCRUNTIME140.dll
0x00007ff928700000 - 0x00007ff928717000 	C:\Users\user\.jdks\corretto-11.0.18\bin\jli.dll
0x00007ff96b940000 - 0x00007ff96badd000 	C:\windows\System32\USER32.dll
0x00007ff96a110000 - 0x00007ff96a132000 	C:\windows\System32\win32u.dll
0x00007ff9505b0000 - 0x00007ff95084a000 	C:\windows\WinSxS\amd64_microsoft.windows.common-controls_6595b64144ccf1df_6.0.19041.1110_none_60b5254171f9507e\COMCTL32.dll
0x00007ff96bc90000 - 0x00007ff96bcbc000 	C:\windows\System32\GDI32.dll
0x00007ff96b450000 - 0x00007ff96b4ee000 	C:\windows\System32\msvcrt.dll
0x00007ff96a2a0000 - 0x00007ff96a3b5000 	C:\windows\System32\gdi32full.dll
0x00007ff96a800000 - 0x00007ff96a89d000 	C:\windows\System32\msvcp_win.dll
0x00007ff96b4f0000 - 0x00007ff96b520000 	C:\windows\System32\IMM32.DLL
0x00007ff91e2e0000 - 0x00007ff91e37b000 	C:\Users\user\.jdks\corretto-11.0.18\bin\msvcp140.dll
0x00007ff91ad60000 - 0x00007ff91b8ea000 	C:\Users\user\.jdks\corretto-11.0.18\bin\server\jvm.dll
0x00007ff96b370000 - 0x00007ff96b41f000 	C:\windows\System32\ADVAPI32.dll
0x00007ff96c710000 - 0x00007ff96c7ac000 	C:\windows\System32\sechost.dll
0x00007ff96b810000 - 0x00007ff96b936000 	C:\windows\System32\RPCRT4.dll
0x00007ff96b440000 - 0x00007ff96b448000 	C:\windows\System32\PSAPI.DLL
0x00007ff958790000 - 0x00007ff9587b7000 	C:\windows\SYSTEM32\WINMM.dll
0x00007ff954730000 - 0x00007ff954739000 	C:\windows\SYSTEM32\WSOCK32.dll
0x00007ff964ff0000 - 0x00007ff964ffa000 	C:\windows\SYSTEM32\VERSION.dll
0x00007ff96c8d0000 - 0x00007ff96c93b000 	C:\windows\System32\WS2_32.dll
0x00007ff967ff0000 - 0x00007ff968002000 	C:\windows\SYSTEM32\kernel.appcore.dll
0x00007ff9623c0000 - 0x00007ff9623d0000 	C:\Users\user\.jdks\corretto-11.0.18\bin\verify.dll
0x00007ff954520000 - 0x00007ff954704000 	C:\windows\SYSTEM32\DBGHELP.DLL
0x00007ff954110000 - 0x00007ff954144000 	C:\windows\SYSTEM32\dbgcore.DLL
0x00007ff96a3c0000 - 0x00007ff96a442000 	C:\windows\System32\bcryptPrimitives.dll
0x00007ff91f680000 - 0x00007ff91f6a8000 	C:\Users\user\.jdks\corretto-11.0.18\bin\java.dll
0x00007ff9469c0000 - 0x00007ff9469ca000 	C:\Users\user\.jdks\corretto-11.0.18\bin\jimage.dll
0x00007ff91f660000 - 0x00007ff91f678000 	C:\Users\user\.jdks\corretto-11.0.18\bin\zip.dll
0x00007ff96ab50000 - 0x00007ff96b294000 	C:\windows\System32\SHELL32.dll
0x00007ff9681f0000 - 0x00007ff968983000 	C:\windows\SYSTEM32\windows.storage.dll
0x00007ff96c130000 - 0x00007ff96c484000 	C:\windows\System32\combase.dll
0x00007ff969b00000 - 0x00007ff969b2e000 	C:\windows\SYSTEM32\Wldp.dll
0x00007ff96c490000 - 0x00007ff96c53d000 	C:\windows\System32\SHCORE.dll
0x00007ff96b6d0000 - 0x00007ff96b725000 	C:\windows\System32\shlwapi.dll
0x00007ff96a050000 - 0x00007ff96a06f000 	C:\windows\SYSTEM32\profapi.dll
0x00007ff91f640000 - 0x00007ff91f659000 	C:\Users\user\.jdks\corretto-11.0.18\bin\net.dll
0x00007ff9637b0000 - 0x00007ff9638ba000 	C:\windows\SYSTEM32\WINHTTP.dll
0x00007ff9697f0000 - 0x00007ff96985a000 	C:\windows\system32\mswsock.dll
0x00007ff91efb0000 - 0x00007ff91efc3000 	C:\Users\user\.jdks\corretto-11.0.18\bin\nio.dll
0x00007ff95eb60000 - 0x00007ff95eb69000 	C:\Users\user\.jdks\corretto-11.0.18\bin\management.dll
0x00007ff95a100000 - 0x00007ff95a10b000 	C:\Users\user\.jdks\corretto-11.0.18\bin\management_ext.dll
0x00007ff956350000 - 0x00007ff956367000 	C:\windows\system32\napinsp.dll
0x00007ff956310000 - 0x00007ff95632b000 	C:\windows\system32\pnrpnsp.dll
0x00007ff956110000 - 0x00007ff956125000 	C:\windows\system32\wshbth.dll
0x00007ff965c50000 - 0x00007ff965c6d000 	C:\windows\system32\NLAapi.dll
0x00007ff9694e0000 - 0x00007ff96951c000 	C:\windows\SYSTEM32\IPHLPAPI.DLL
0x00007ff969520000 - 0x00007ff9695eb000 	C:\windows\SYSTEM32\DNSAPI.dll
0x00007ff96b800000 - 0x00007ff96b808000 	C:\windows\System32\NSI.dll
0x00007ff956010000 - 0x00007ff956022000 	C:\windows\System32\winrnr.dll
0x00007ff95ac90000 - 0x00007ff95ac9a000 	C:\Windows\System32\rasadhlp.dll
0x00007ff95af60000 - 0x00007ff95afe2000 	C:\windows\System32\fwpuclnt.dll
0x00007ff96aa10000 - 0x00007ff96aa37000 	C:\windows\System32\bcrypt.dll
0x00007ff9699e0000 - 0x00007ff9699f8000 	C:\windows\SYSTEM32\CRYPTSP.dll
0x00007ff969110000 - 0x00007ff969144000 	C:\windows\system32\rsaenh.dll
0x00007ff969fd0000 - 0x00007ff969ffe000 	C:\windows\SYSTEM32\USERENV.dll
0x00007ff969a00000 - 0x00007ff969a0c000 	C:\windows\SYSTEM32\CRYPTBASE.dll
0x00007ff963bd0000 - 0x00007ff963be7000 	C:\windows\SYSTEM32\dhcpcsvc6.DLL
0x00007ff964920000 - 0x00007ff96493d000 	C:\windows\SYSTEM32\dhcpcsvc.DLL

dbghelp: loaded successfully - version: 4.0.5 - missing functions: none
symbol engine: initialized successfully - sym options: 0x614 - pdb path: .;C:\Users\user\.jdks\corretto-11.0.18\bin;C:\windows\SYSTEM32;C:\windows\WinSxS\amd64_microsoft.windows.common-controls_6595b64144ccf1df_6.0.19041.1110_none_60b5254171f9507e;C:\Users\user\.jdks\corretto-11.0.18\bin\server

VM Arguments:
jvm_args: -Dfile.encoding=UTF-8 -Duser.country=KR -Duser.language=ko -Duser.variant 
java_command: com.pickpick.PickPickApplication
java_class_path (initial): D:\world-cup\build\classes\java\main;D:\world-cup\build\resources\main;C:\Users\user\.gradle\caches\modules-2\files-2.1\org.springframework.boot\spring-boot-starter-web\2.7.10\aff75a41f298e83ad9542d8f26b12bbe8e105c35\spring-boot-starter-web-2.7.10.jar;C:\Users\user\.gradle\caches\modules-2\files-2.1\org.apache.tomcat.embed\tomcat-embed-jasper\9.0.73\39a47d9eafe41ff08c25ad980b66e07062667a10\tomcat-embed-jasper-9.0.73.jar;C:\Users\user\.gradle\caches\modules-2\files-2.1\javax.servlet\jstl\1.2\74aca283cd4f4b4f3e425f5820cda58f44409547\jstl-1.2.jar;C:\Users\user\.gradle\caches\modules-2\files-2.1\org.mybatis.spring.boot\mybatis-spring-boot-starter\2.2.2\e4aff8ef9e02358f90b361acc938be3558f29285\mybatis-spring-boot-starter-2.2.2.jar;C:\Users\user\.gradle\caches\modules-2\files-2.1\org.springframework.boot\spring-boot-starter-jdbc\2.7.10\2ecdd15d885abe4d68dfbeb9dde4864b78fb4509\spring-boot-starter-jdbc-2.7.10.jar;C:\Users\user\.gradle\caches\modules-2\files-2.1\org.mariadb.jdbc\mariadb-java-client\3.0.8\9b13e09b6244d773d9bfedbea0301b71a447fb16\mariadb-java-client-3.0.8.jar;C:\Users\user\.gradle\caches\modules-2\files-2.1\com.zaxxer\HikariCP\4.0.3\107cbdf0db6780a065f895ae9d8fbf3bb0e1c21f\HikariCP-4.0.3.jar;C:\Users\user\.gradle\caches\modules-2\files-2.1\org.springframework.boot\spring-boot-starter-validation\2.7.10\47fa170ac03f88ed4a540628cfb1f85384cccefd\spring-boot-starter-validation-2.7.10.jar;C:\Users\user\.gradle\caches\modules-2\files-2.1\org.springframework.boot\spring-boot-starter-security\2.7.10\ddac298c54e476d4144639d238a70610fbbfa4e7\spring-boot-starter-security-2.7.10.jar;C:\Users\user\.gradle\caches\modules-2\files-2.1\org.springframework.boot\spring-boot-starter-json\2.7.10\eca10dbca78387d79eb711bdb60d54d28be61621\spring-boot-starter-json-2.7.10.jar;C:\Users\user\.gradle\caches\modules-2\files-2.1\org.springframework.boot\spring-boot-starter\2.7.10\307ab4f1ca9ae26944c407e2352d6e705097c0e2\spring-boot-starter-2.7.10.jar;C:\Users\use
Launcher Type: SUN_STANDARD

[Global flags]
     intx CICompilerCount                          = 4                                         {product} {ergonomic}
     uint ConcGCThreads                            = 3                                         {product} {ergonomic}
     uint G1ConcRefinementThreads                  = 10                                        {product} {ergonomic}
   size_t G1HeapRegionSize                         = 1048576                                   {product} {ergonomic}
    uintx GCDrainStackTargetSize                   = 64                                        {product} {ergonomic}
   size_t InitialHeapSize                          = 264241152                                 {product} {ergonomic}
   size_t MarkStackSize                            = 4194304                                   {product} {ergonomic}
   size_t MaxHeapSize                              = 4206886912                                {product} {ergonomic}
   size_t MaxNewSize                               = 2523922432                                {product} {ergonomic}
   size_t MinHeapDeltaBytes                        = 1048576                                   {product} {ergonomic}
    uintx NonNMethodCodeHeapSize                   = 5836300                                {pd product} {ergonomic}
    uintx NonProfiledCodeHeapSize                  = 122910970                              {pd product} {ergonomic}
    uintx ProfiledCodeHeapSize                     = 122910970                              {pd product} {ergonomic}
    uintx ReservedCodeCacheSize                    = 251658240                              {pd product} {ergonomic}
     bool SegmentedCodeCache                       = true                                      {product} {ergonomic}
     bool UseCompressedClassPointers               = true                                 {lp64_product} {ergonomic}
     bool UseCompressedOops                        = true                                 {lp64_product} {ergonomic}
     bool UseG1GC                                  = true                                      {product} {ergonomic}
     bool UseLargePagesIndividualAllocation        = false                                  {pd product} {ergonomic}

Logging:
Log output configuration:
 #0: stdout all=warning uptime,level,tags
 #1: stderr all=off uptime,level,tags

Environment Variables:
JAVA_HOME=C:\Users\user\.jdks\corretto-11.0.18\bin
PATH=C:\Program Files (x86)\Common Files\Oracle\Java\javapath;C:\oraclexe\app\oracle\product\11.2.0\server\bin;C:\windows\system32;C:\windows;C:\windows\System32\Wbem;C:\windows\System32\WindowsPowerShell\v1.0\;C:\windows\System32\OpenSSH\;C:\Program Files\Bandizip\;C:\Program Files\Git\cmd;C:\Program Files\nodejs\;C:\Users\user\AppData\Local\Microsoft\WindowsApps;C:\Users\user\AppData\Local\Programs\Microsoft VS Code\bin;C:\Users\user\AppData\Local\GitHubDesktop\bin;C:\Users\user\AppData\Roaming\npm;C:\Program Files\JetBrains\IntelliJ IDEA Community Edition 2022.3.3\bin;
USERNAME=user
OS=Windows_NT
PROCESSOR_IDENTIFIER=Intel64 Family 6 Model 167 Stepping 1, GenuineIntel
TMP=C:\Users\user\AppData\Local\Temp
TEMP=C:\Users\user\AppData\Local\Temp



---------------  S Y S T E M  ---------------

OS: Windows 10 , 64 bit Build 19041 (10.0.19041.2913)
OS uptime: 11 days 1:37 hours

CPU:total 12 (initial active 12) (6 cores per cpu, 2 threads per core) family 6 model 167 stepping 1 microcode 0x3c, cmov, cx8, fxsr, mmx, sse, sse2, sse3, ssse3, sse4.1, sse4.2, popcnt, avx, avx2, aes, clmul, erms, 3dnowpref, lzcnt, ht, tsc, tscinvbit, bmi1, bmi2, adx, evex, sha, fma

Memory: 4k page, system-wide physical 16043M (5774M free)
TotalPageFile size 18475M (AvailPageFile size 2766M)
current process WorkingSet (physical memory assigned to process): 210M, peak: 214M
current process commit charge ("private bytes"): 431M, peak: 440M

vm_info: OpenJDK 64-Bit Server VM (11.0.18+10-LTS) for windows-amd64 JRE (11.0.18+10-LTS), built on Jan 10 2023 20:17:52 by "Administrator" with MS VC++ 15.9 (VS2017)

END.
